<?xml version="1.0" encoding="UTF-8"?>
<testng-results skipped="0" failed="0" total="1" passed="1">
  <reporter-output>
  </reporter-output>
  <suite name="Suite" duration-ms="16" started-at="2018-06-18T09:55:09Z" finished-at="2018-06-18T09:55:09Z">
    <groups>
    </groups>
    <test name="Test" duration-ms="16" started-at="2018-06-18T09:55:09Z" finished-at="2018-06-18T09:55:09Z">
      <class name="MavenSeleniumSample.demoforMaven">
        <test-method status="PASS" signature="testHello()[pri:0, instance:MavenSeleniumSample.demoforMaven@56cbfb61]" name="testHello" duration-ms="7" started-at="2018-06-18T15:25:09Z" finished-at="2018-06-18T15:25:09Z">
          <reporter-output>
          </reporter-output>
        </test-method> <!-- testHello -->
      </class> <!-- MavenSeleniumSample.demoforMaven -->
    </test> <!-- Test -->
  </suite> <!-- Suite -->
</testng-results>
