<?xml version="1.0" encoding="UTF-8"?>
<testng-results skipped="0" failed="0" total="1" passed="1">
  <reporter-output>
  </reporter-output>
  <suite name="Suite" duration-ms="20" started-at="2018-06-18T07:09:50Z" finished-at="2018-06-18T07:09:50Z">
    <groups>
    </groups>
    <test name="Test" duration-ms="20" started-at="2018-06-18T07:09:50Z" finished-at="2018-06-18T07:09:50Z">
      <class name="MavenSeleniumSample.demoforMaven">
        <test-method status="PASS" signature="testHello()[pri:0, instance:MavenSeleniumSample.demoforMaven@548a9f61]" name="testHello" duration-ms="8" started-at="2018-06-18T12:39:50Z" finished-at="2018-06-18T12:39:50Z">
          <reporter-output>
          </reporter-output>
        </test-method> <!-- testHello -->
      </class> <!-- MavenSeleniumSample.demoforMaven -->
    </test> <!-- Test -->
  </suite> <!-- Suite -->
</testng-results>
